2026-05-06 08:53:17 | [31mERROR   [0m | lnut_bot | DISCORD_TOKEN not found in .env file!
2026-05-06 08:54:23 | [31mERROR   [0m | lnut_bot | DISCORD_TOKEN not found in .env file!
2026-05-06 08:56:08 | [31mERROR   [0m | lnut_bot | DISCORD_TOKEN not found in .env file!
2026-05-06 09:50:06 | [31mERROR   [0m | lnut_bot | DISCORD_TOKEN not found in .env file!
2026-05-06 09:54:58 | [31mERROR   [0m | lnut_bot | DISCORD_TOKEN not found in .env file!
2026-05-06 09:55:12 | [31mERROR   [0m | lnut_bot | DISCORD_TOKEN not found in .env file!
2026-05-06 09:55:33 | [31mERROR   [0m | lnut_bot | DISCORD_TOKEN not found in .env file!
2026-05-06 09:58:45 | [31mERROR   [0m | lnut_bot | DISCORD_TOKEN not found in .env file!
2026-05-06 10:02:34 | [32mINFO    [0m | lnut_bot.encryption | Encryption initialized successfully
2026-05-06 10:12:08 | [32mINFO    [0m | lnut_bot.encryption | Encryption initialized successfully
2026-05-06 10:16:42 | [32mINFO    [0m | lnut_bot.encryption | Encryption initialized successfully
2026-05-06 10:17:01 | [32mINFO    [0m | lnut_bot.encryption | Encryption initialized successfully
2026-05-06 10:19:36 | [32mINFO    [0m | lnut_bot.encryption | Encryption initialized successfully
2026-05-06 10:19:36 | [31mERROR   [0m | lnut_bot | Failed to load cog commands.core: Extension 'commands.core' raised an error: SyntaxError: '{' was never closed (core.py, line 266)
2026-05-06 10:19:36 | [31mERROR   [0m | lnut_bot | Failed to load cog commands.settings: Extension 'commands.settings' has no 'setup' function.
2026-05-06 10:19:37 | [32mINFO    [0m | lnut_bot | Command tree synced
2026-05-06 10:19:40 | [32mINFO    [0m | lnut_bot | Logged in as Langnut bot#0369 (ID: 1500541510440190043)
2026-05-06 10:19:40 | [32mINFO    [0m | lnut_bot | Bot is online
2026-05-06 10:20:34 | [32mINFO    [0m | lnut_bot.encryption | Encryption initialized successfully
2026-05-06 10:20:35 | [31mERROR   [0m | lnut_bot | Failed to load cog commands.core: Extension 'commands.core' raised an error: SyntaxError: '{' was never closed (core.py, line 266)
2026-05-06 10:20:35 | [31mERROR   [0m | lnut_bot | Failed to load cog commands.settings: Extension 'commands.settings' has no 'setup' function.
2026-05-06 10:20:35 | [32mINFO    [0m | lnut_bot | Command tree synced
2026-05-06 10:20:38 | [32mINFO    [0m | lnut_bot | Logged in as Langnut bot#0369 (ID: 1500541510440190043)
2026-05-06 10:20:38 | [32mINFO    [0m | lnut_bot | Bot is online
2026-05-06 10:31:05 | [32mINFO    [0m | lnut_bot.encryption | Encryption initialized successfully
2026-05-06 10:31:08 | [31mERROR   [0m | lnut_bot | Failed to load cog commands.core: Extension 'commands.core' raised an error: SyntaxError: '{' was never closed (core.py, line 266)
2026-05-06 10:31:08 | [31mERROR   [0m | lnut_bot | Failed to load cog commands.settings: Extension 'commands.settings' has no 'setup' function.
2026-05-06 10:31:08 | [32mINFO    [0m | lnut_bot | Command tree synced
2026-05-06 10:31:11 | [32mINFO    [0m | lnut_bot | Logged in as Langnut bot#0369 (ID: 1500541510440190043)
2026-05-06 10:31:11 | [32mINFO    [0m | lnut_bot | Bot is online
2026-05-06 10:56:19 | [32mINFO    [0m | lnut_bot.encryption | Encryption initialized successfully
2026-05-06 10:56:34 | [31mERROR   [0m | lnut_bot | Failed to load cog commands.core: Extension 'commands.core' raised an error: SyntaxError: '{' was never closed (core.py, line 266)
2026-05-06 10:56:34 | [31mERROR   [0m | lnut_bot | Failed to load cog commands.settings: Extension 'commands.settings' has no 'setup' function.
2026-05-06 10:56:35 | [32mINFO    [0m | lnut_bot | Command tree synced
2026-05-06 10:56:44 | [32mINFO    [0m | lnut_bot | Logged in as Langnut bot#0369 (ID: 1500541510440190043)
2026-05-06 10:56:44 | [32mINFO    [0m | lnut_bot | Bot is online
2026-05-06 14:18:19 | [32mINFO    [0m | lnut_bot.encryption | Encryption initialized successfully
2026-05-06 14:18:25 | [31mERROR   [0m | lnut_bot | Failed to load cog commands.core: Extension 'commands.core' raised an error: SyntaxError: '{' was never closed (core.py, line 266)
2026-05-06 14:18:25 | [31mERROR   [0m | lnut_bot | Failed to load cog commands.settings: Extension 'commands.settings' has no 'setup' function.
2026-05-06 14:18:28 | [32mINFO    [0m | lnut_bot | Command tree synced
2026-05-06 14:18:33 | [32mINFO    [0m | lnut_bot | Logged in as Langnut bot#0369 (ID: 1500541510440190043)
2026-05-06 14:18:33 | [32mINFO    [0m | lnut_bot | Bot is online
2026-05-06 14:18:59 | [32mINFO    [0m | lnut_bot.encryption | Encryption initialized successfully
2026-05-06 14:19:01 | [31mERROR   [0m | lnut_bot | Failed to load cog commands.core: Extension 'commands.core' raised an error: SyntaxError: '{' was never closed (core.py, line 266)
2026-05-06 14:19:01 | [31mERROR   [0m | lnut_bot | Failed to load cog commands.settings: Extension 'commands.settings' has no 'setup' function.
2026-05-06 14:19:01 | [32mINFO    [0m | lnut_bot | Command tree synced
2026-05-06 14:19:05 | [32mINFO    [0m | lnut_bot | Logged in as Langnut bot#0369 (ID: 1500541510440190043)
2026-05-06 14:19:05 | [32mINFO    [0m | lnut_bot | Bot is online
2026-05-06 14:21:45 | [32mINFO    [0m | lnut_bot.encryption | Encryption initialized successfully
2026-05-06 14:21:46 | [31mERROR   [0m | lnut_bot | Failed to load cog commands.core: Extension 'commands.core' raised an error: SyntaxError: '{' was never closed (core.py, line 266)
2026-05-06 14:21:46 | [31mERROR   [0m | lnut_bot | Failed to load cog commands.settings: Extension 'commands.settings' has no 'setup' function.
2026-05-06 14:21:47 | [32mINFO    [0m | lnut_bot | Command tree synced
2026-05-06 14:21:50 | [32mINFO    [0m | lnut_bot | Logged in as Langnut bot#0369 (ID: 1500541510440190043)
2026-05-06 14:21:50 | [32mINFO    [0m | lnut_bot | Bot is online
2026-05-06 15:11:52 | [32mINFO    [0m | lnut_bot.encryption | Encryption initialized successfully
2026-05-06 15:11:56 | [31mERROR   [0m | lnut_bot | Failed to load cog commands.core: Extension 'commands.core' raised an error: SyntaxError: expected 'except' or 'finally' block (core.py, line 269)
2026-05-06 15:11:56 | [31mERROR   [0m | lnut_bot | Failed to load cog commands.settings: Extension 'commands.settings' has no 'setup' function.
2026-05-06 15:11:56 | [32mINFO    [0m | lnut_bot | Command tree synced
2026-05-06 15:11:59 | [32mINFO    [0m | lnut_bot | Logged in as Langnut bot#0369 (ID: 1500541510440190043)
2026-05-06 15:11:59 | [32mINFO    [0m | lnut_bot | Bot is online
2026-05-06 15:12:44 | [32mINFO    [0m | lnut_bot.encryption | Encryption initialized successfully
2026-05-06 15:12:46 | [31mERROR   [0m | lnut_bot | Failed to load cog commands.core: Extension 'commands.core' raised an error: SyntaxError: expected 'except' or 'finally' block (core.py, line 269)
2026-05-06 15:12:46 | [31mERROR   [0m | lnut_bot | Failed to load cog commands.settings: Extension 'commands.settings' has no 'setup' function.
2026-05-06 15:12:46 | [32mINFO    [0m | lnut_bot | Command tree synced
2026-05-06 15:12:49 | [32mINFO    [0m | lnut_bot | Logged in as Langnut bot#0369 (ID: 1500541510440190043)
2026-05-06 15:12:49 | [32mINFO    [0m | lnut_bot | Bot is online
2026-05-06 15:15:25 | [32mINFO    [0m | lnut_bot.encryption | Encryption initialized successfully
2026-05-06 15:15:27 | [31mERROR   [0m | lnut_bot | Failed to load cog commands.core: Extension 'commands.core' raised an error: ModuleNotFoundError: No module named 'automation.api_direct'
2026-05-06 15:15:27 | [31mERROR   [0m | lnut_bot | Failed to load cog commands.settings: Extension 'commands.settings' has no 'setup' function.
2026-05-06 15:15:27 | [32mINFO    [0m | lnut_bot | Command tree synced
2026-05-06 15:15:30 | [32mINFO    [0m | lnut_bot | Logged in as Langnut bot#0369 (ID: 1500541510440190043)
2026-05-06 15:15:30 | [32mINFO    [0m | lnut_bot | Bot is online
2026-05-06 15:53:59 | [32mINFO    [0m | lnut_bot.encryption | Encryption initialized successfully
2026-05-06 15:54:00 | [31mERROR   [0m | lnut_bot | Failed to load cog commands.core: Extension 'commands.core' raised an error: ModuleNotFoundError: No module named 'automation.api_direct'
2026-05-06 15:54:00 | [31mERROR   [0m | lnut_bot | Failed to load cog commands.settings: Extension 'commands.settings' has no 'setup' function.
2026-05-06 15:54:00 | [32mINFO    [0m | lnut_bot | Command tree synced
2026-05-06 15:54:03 | [32mINFO    [0m | lnut_bot | Logged in as Langnut bot#0369 (ID: 1500541510440190043)
2026-05-06 15:54:03 | [32mINFO    [0m | lnut_bot | Bot is online
2026-05-06 15:56:03 | [32mINFO    [0m | lnut_bot.encryption | Encryption initialized successfully
2026-05-06 15:56:04 | [31mERROR   [0m | lnut_bot | Failed to load cog commands.core: Extension 'commands.core' raised an error: IndentationError: unexpected indent (stealth.py, line 120)
2026-05-06 15:56:04 | [31mERROR   [0m | lnut_bot | Failed to load cog commands.settings: Extension 'commands.settings' has no 'setup' function.
2026-05-06 15:56:04 | [32mINFO    [0m | lnut_bot | Command tree synced
2026-05-06 15:56:07 | [32mINFO    [0m | lnut_bot | Logged in as Langnut bot#0369 (ID: 1500541510440190043)
2026-05-06 15:56:07 | [32mINFO    [0m | lnut_bot | Bot is online
2026-05-06 15:57:29 | [32mINFO    [0m | lnut_bot.encryption | Encryption initialized successfully
2026-05-06 15:57:30 | [31mERROR   [0m | lnut_bot | Failed to load cog commands.core: Extension 'commands.core' raised an error: IndentationError: unexpected indent (stealth.py, line 120)
2026-05-06 15:57:30 | [31mERROR   [0m | lnut_bot | Failed to load cog commands.settings: Extension 'commands.settings' has no 'setup' function.
2026-05-06 15:57:30 | [32mINFO    [0m | lnut_bot | Command tree synced
